Build started 2/26/2015 1:42:28 AM.
     1>Project "C:\Users\Chris\Documents\CS3113\CS3113-Projects-cmuldoon\hw3 - space\Windows\NYUCodebase\NYUCodebase\NYUCodebase.vcxproj" on node 2 (Build target(s)).
     1>ClCompile:
         C:\Program Files (x86)\Microsoft Visual Studio 12.0\VC\bin\CL.exe /c /IC:\SDL2\include /IC:\SDL2_image\include /ZI /nologo /W3 /WX- /sdl /Od /Oy- /D _MBCS /Gm /EHsc /RTC1 /MDd /GS /fp:precise /Zc:wchar_t /Zc:forScope /Fo"Debug\\" /Fd"Debug\vc120.pdb" /Gd /TP /analyze- /errorReport:prompt GameClass.cpp
         GameClass.cpp
     1>c:\users\chris\documents\cs3113\cs3113-projects-cmuldoon\hw3 - space\windows\nyucodebase\nyucodebase\enemy.h(7): warning C4005: 'LEFTBOUND' : macro redefinition
                 c:\users\chris\documents\cs3113\cs3113-projects-cmuldoon\hw3 - space\windows\nyucodebase\nyucodebase\player.h(9) : see previous definition of 'LEFTBOUND'
     1>c:\users\chris\documents\cs3113\cs3113-projects-cmuldoon\hw3 - space\windows\nyucodebase\nyucodebase\enemy.h(8): warning C4005: 'RIGHTBOUND' : macro redefinition
                 c:\users\chris\documents\cs3113\cs3113-projects-cmuldoon\hw3 - space\windows\nyucodebase\nyucodebase\player.h(10) : see previous definition of 'RIGHTBOUND'
     1>c:\users\chris\documents\cs3113\cs3113-projects-cmuldoon\hw3 - space\windows\nyucodebase\nyucodebase\gameclass.cpp(42): warning C4244: 'initializing' : conversion from 'double' to 'float', possible loss of data
     1>c:\users\chris\documents\cs3113\cs3113-projects-cmuldoon\hw3 - space\windows\nyucodebase\nyucodebase\gameclass.cpp(44): warning C4244: 'initializing' : conversion from 'double' to 'float', possible loss of data
     1>c:\users\chris\documents\cs3113\cs3113-projects-cmuldoon\hw3 - space\windows\nyucodebase\nyucodebase\gameclass.cpp(58): warning C4244: 'initializing' : conversion from 'double' to 'float', possible loss of data
     1>c:\users\chris\documents\cs3113\cs3113-projects-cmuldoon\hw3 - space\windows\nyucodebase\nyucodebase\gameclass.cpp(60): warning C4244: 'initializing' : conversion from 'double' to 'float', possible loss of data
     1>c:\users\chris\documents\cs3113\cs3113-projects-cmuldoon\hw3 - space\windows\nyucodebase\nyucodebase\gameclass.cpp(151): warning C4305: 'argument' : truncation from 'double' to 'float'
     1>c:\users\chris\documents\cs3113\cs3113-projects-cmuldoon\hw3 - space\windows\nyucodebase\nyucodebase\gameclass.cpp(153): warning C4305: 'argument' : truncation from 'double' to 'float'
     1>c:\users\chris\documents\cs3113\cs3113-projects-cmuldoon\hw3 - space\windows\nyucodebase\nyucodebase\gameclass.cpp(166): warning C4305: 'argument' : truncation from 'double' to 'float'
     1>c:\users\chris\documents\cs3113\cs3113-projects-cmuldoon\hw3 - space\windows\nyucodebase\nyucodebase\gameclass.cpp(167): warning C4305: 'argument' : truncation from 'double' to 'float'
     1>c:\users\chris\documents\cs3113\cs3113-projects-cmuldoon\hw3 - space\windows\nyucodebase\nyucodebase\gameclass.cpp(168): warning C4305: 'argument' : truncation from 'double' to 'float'
     1>c:\users\chris\documents\cs3113\cs3113-projects-cmuldoon\hw3 - space\windows\nyucodebase\nyucodebase\gameclass.cpp(169): warning C4305: 'argument' : truncation from 'double' to 'float'
     1>c:\users\chris\documents\cs3113\cs3113-projects-cmuldoon\hw3 - space\windows\nyucodebase\nyucodebase\gameclass.cpp(193): warning C4305: 'argument' : truncation from 'double' to 'float'
     1>c:\users\chris\documents\cs3113\cs3113-projects-cmuldoon\hw3 - space\windows\nyucodebase\nyucodebase\gameclass.cpp(194): warning C4305: 'argument' : truncation from 'double' to 'float'
     1>c:\users\chris\documents\cs3113\cs3113-projects-cmuldoon\hw3 - space\windows\nyucodebase\nyucodebase\gameclass.cpp(321): warning C4018: '<' : signed/unsigned mismatch
       Link:
         C:\Program Files (x86)\Microsoft Visual Studio 12.0\VC\bin\link.exe /ERRORREPORT:PROMPT /OUT:"C:\Users\Chris\Documents\CS3113\CS3113-Projects-cmuldoon\hw3 - space\Windows\NYUCodebase\Debug\NYUCodebase.exe" /INCREMENTAL /NOLOGO /LIBPATH:C:\SDL2\lib\x86 /LIBPATH:C:\SDL2_image\lib\x86 SDL2.lib SDL2main.lib SDL2_image.lib OpenGL32.lib /MANIFEST /MANIFESTUAC:"level='asInvoker' uiAccess='false'" /manifest:embed /DEBUG /PDB:"C:\Users\Chris\Documents\CS3113\CS3113-Projects-cmuldoon\hw3 - space\Windows\NYUCodebase\Debug\NYUCodebase.pdb" /SUBSYSTEM:WINDOWS /TLBID:1 /DYNAMICBASE /NXCOMPAT /IMPLIB:"C:\Users\Chris\Documents\CS3113\CS3113-Projects-cmuldoon\hw3 - space\Windows\NYUCodebase\Debug\NYUCodebase.lib" /MACHINE:X86 Debug\enemy.obj
         Debug\GameClass.obj
         Debug\main.obj
         Debug\Player.obj
         NYUCodebase.vcxproj -> C:\Users\Chris\Documents\CS3113\CS3113-Projects-cmuldoon\hw3 - space\Windows\NYUCodebase\Debug\NYUCodebase.exe
     1>Done Building Project "C:\Users\Chris\Documents\CS3113\CS3113-Projects-cmuldoon\hw3 - space\Windows\NYUCodebase\NYUCodebase\NYUCodebase.vcxproj" (Build target(s)).

Build succeeded.

Time Elapsed 00:00:01.37
