Build started 2/17/2015 1:47:31 AM.
     1>Project "C:\Users\Chris\Documents\CS3113\CS3113-Projects-cmuldoon\hw2 - pong\Windows\NYUCodebase\NYUCodebase\NYUCodebase.vcxproj" on node 2 (Build target(s)).
     1>ClCompile:
         C:\Program Files (x86)\Microsoft Visual Studio 12.0\VC\bin\CL.exe /c /IC:\SDL2\include /IC:\SDL2_image\include /Zi /nologo /W3 /WX- /sdl /O2 /Oi /Oy- /GL /D _MBCS /Gm- /EHsc /MD /GS /Gy /fp:precise /Zc:wchar_t /Zc:forScope /Fo"Release\\" /Fd"Release\vc120.pdb" /Gd /TP /analyze- /errorReport:prompt main.cpp
         main.cpp
     1>main.cpp(104): warning C4305: '=' : truncation from 'double' to 'float'
     1>main.cpp(105): warning C4305: '=' : truncation from 'double' to 'float'
     1>main.cpp(108): warning C4244: '=' : conversion from 'double' to 'float', possible loss of data
     1>main.cpp(113): warning C4244: '=' : conversion from 'double' to 'float', possible loss of data
     1>main.cpp(171): warning C4305: '-=' : truncation from 'double' to 'float'
     1>main.cpp(176): warning C4305: '=' : truncation from 'double' to 'float'
     1>main.cpp(178): warning C4244: '=' : conversion from 'double' to 'float', possible loss of data
     1>main.cpp(197): warning C4305: '+=' : truncation from 'double' to 'float'
     1>main.cpp(201): warning C4305: '=' : truncation from 'double' to 'float'
     1>main.cpp(203): warning C4244: '=' : conversion from 'double' to 'float', possible loss of data
     1>main.cpp(214): warning C4244: '=' : conversion from 'double' to 'float', possible loss of data
     1>main.cpp(215): warning C4244: '=' : conversion from 'double' to 'float', possible loss of data
     1>main.cpp(218): warning C4244: '=' : conversion from 'double' to 'float', possible loss of data
     1>main.cpp(228): warning C4305: '=' : truncation from 'double' to 'float'
     1>main.cpp(230): warning C4244: '=' : conversion from 'double' to 'float', possible loss of data
     1>main.cpp(231): warning C4305: '=' : truncation from 'double' to 'float'
     1>main.cpp(246): warning C4244: 'initializing' : conversion from 'double' to 'float', possible loss of data
     1>main.cpp(312): warning C4244: '=' : conversion from 'double' to 'float', possible loss of data
     1>main.cpp(315): warning C4244: '=' : conversion from 'double' to 'float', possible loss of data
     1>main.cpp(319): warning C4244: '=' : conversion from 'double' to 'float', possible loss of data
     1>main.cpp(322): warning C4244: '=' : conversion from 'double' to 'float', possible loss of data
       Link:
         C:\Program Files (x86)\Microsoft Visual Studio 12.0\VC\bin\link.exe /ERRORREPORT:PROMPT /OUT:"C:\Users\Chris\Documents\CS3113\CS3113-Projects-cmuldoon\hw2 - pong\Windows\NYUCodebase\Release\NYUCodebase.exe" /NOLOGO /LIBPATH:C:\SDL2\lib\x86 /LIBPATH:C:\SDL2_image\lib\x86 SDL2.lib SDL2main.lib SDL2_image.lib OpenGL32.lib /MANIFEST /MANIFESTUAC:"level='asInvoker' uiAccess='false'" /manifest:embed /DEBUG /PDB:"C:\Users\Chris\Documents\CS3113\CS3113-Projects-cmuldoon\hw2 - pong\Windows\NYUCodebase\Release\NYUCodebase.pdb" /SUBSYSTEM:WINDOWS /OPT:REF /OPT:ICF /LTCG /TLBID:1 /DYNAMICBASE /NXCOMPAT /IMPLIB:"C:\Users\Chris\Documents\CS3113\CS3113-Projects-cmuldoon\hw2 - pong\Windows\NYUCodebase\Release\NYUCodebase.lib" /MACHINE:X86 /SAFESEH Release\main.obj
         Generating code
         Finished generating code
         NYUCodebase.vcxproj -> C:\Users\Chris\Documents\CS3113\CS3113-Projects-cmuldoon\hw2 - pong\Windows\NYUCodebase\Release\NYUCodebase.exe
     1>Done Building Project "C:\Users\Chris\Documents\CS3113\CS3113-Projects-cmuldoon\hw2 - pong\Windows\NYUCodebase\NYUCodebase\NYUCodebase.vcxproj" (Build target(s)).

Build succeeded.

Time Elapsed 00:00:02.02
