Build started 2/17/2015 1:58:03 AM.
     1>Project "C:\Users\Chris\Documents\CS3113\CS3113-Projects-cmuldoon\hw2 - pong\Windows\NYUCodebase\NYUCodebase\NYUCodebase.vcxproj" on node 2 (Build target(s)).
     1>ClCompile:
         C:\Program Files (x86)\Microsoft Visual Studio 12.0\VC\bin\CL.exe /c /IC:\SDL2\include /IC:\SDL2_image\include /ZI /nologo /W3 /WX- /sdl /Od /Oy- /D _MBCS /Gm /EHsc /RTC1 /MDd /GS /fp:precise /Zc:wchar_t /Zc:forScope /Fo"Debug\\" /Fd"Debug\vc120.pdb" /Gd /TP /analyze- /errorReport:prompt main.cpp
         main.cpp
     1>c:\users\chris\documents\cs3113\cs3113-projects-cmuldoon\hw2 - pong\windows\nyucodebase\nyucodebase\main.cpp(106): warning C4305: '=' : truncation from 'double' to 'float'
     1>c:\users\chris\documents\cs3113\cs3113-projects-cmuldoon\hw2 - pong\windows\nyucodebase\nyucodebase\main.cpp(107): warning C4305: '=' : truncation from 'double' to 'float'
     1>c:\users\chris\documents\cs3113\cs3113-projects-cmuldoon\hw2 - pong\windows\nyucodebase\nyucodebase\main.cpp(110): warning C4244: '=' : conversion from 'double' to 'float', possible loss of data
     1>c:\users\chris\documents\cs3113\cs3113-projects-cmuldoon\hw2 - pong\windows\nyucodebase\nyucodebase\main.cpp(115): warning C4244: '=' : conversion from 'double' to 'float', possible loss of data
     1>c:\users\chris\documents\cs3113\cs3113-projects-cmuldoon\hw2 - pong\windows\nyucodebase\nyucodebase\main.cpp(173): warning C4305: '-=' : truncation from 'double' to 'float'
     1>c:\users\chris\documents\cs3113\cs3113-projects-cmuldoon\hw2 - pong\windows\nyucodebase\nyucodebase\main.cpp(178): warning C4305: '=' : truncation from 'double' to 'float'
     1>c:\users\chris\documents\cs3113\cs3113-projects-cmuldoon\hw2 - pong\windows\nyucodebase\nyucodebase\main.cpp(180): warning C4244: '=' : conversion from 'double' to 'float', possible loss of data
     1>c:\users\chris\documents\cs3113\cs3113-projects-cmuldoon\hw2 - pong\windows\nyucodebase\nyucodebase\main.cpp(199): warning C4305: '+=' : truncation from 'double' to 'float'
     1>c:\users\chris\documents\cs3113\cs3113-projects-cmuldoon\hw2 - pong\windows\nyucodebase\nyucodebase\main.cpp(203): warning C4305: '=' : truncation from 'double' to 'float'
     1>c:\users\chris\documents\cs3113\cs3113-projects-cmuldoon\hw2 - pong\windows\nyucodebase\nyucodebase\main.cpp(205): warning C4244: '=' : conversion from 'double' to 'float', possible loss of data
     1>c:\users\chris\documents\cs3113\cs3113-projects-cmuldoon\hw2 - pong\windows\nyucodebase\nyucodebase\main.cpp(216): warning C4244: '=' : conversion from 'double' to 'float', possible loss of data
     1>c:\users\chris\documents\cs3113\cs3113-projects-cmuldoon\hw2 - pong\windows\nyucodebase\nyucodebase\main.cpp(217): warning C4244: '=' : conversion from 'double' to 'float', possible loss of data
     1>c:\users\chris\documents\cs3113\cs3113-projects-cmuldoon\hw2 - pong\windows\nyucodebase\nyucodebase\main.cpp(220): warning C4244: '=' : conversion from 'double' to 'float', possible loss of data
     1>c:\users\chris\documents\cs3113\cs3113-projects-cmuldoon\hw2 - pong\windows\nyucodebase\nyucodebase\main.cpp(230): warning C4305: '=' : truncation from 'double' to 'float'
     1>c:\users\chris\documents\cs3113\cs3113-projects-cmuldoon\hw2 - pong\windows\nyucodebase\nyucodebase\main.cpp(232): warning C4244: '=' : conversion from 'double' to 'float', possible loss of data
     1>c:\users\chris\documents\cs3113\cs3113-projects-cmuldoon\hw2 - pong\windows\nyucodebase\nyucodebase\main.cpp(233): warning C4305: '=' : truncation from 'double' to 'float'
     1>c:\users\chris\documents\cs3113\cs3113-projects-cmuldoon\hw2 - pong\windows\nyucodebase\nyucodebase\main.cpp(248): warning C4244: 'initializing' : conversion from 'double' to 'float', possible loss of data
     1>c:\users\chris\documents\cs3113\cs3113-projects-cmuldoon\hw2 - pong\windows\nyucodebase\nyucodebase\main.cpp(315): warning C4244: '=' : conversion from 'double' to 'float', possible loss of data
     1>c:\users\chris\documents\cs3113\cs3113-projects-cmuldoon\hw2 - pong\windows\nyucodebase\nyucodebase\main.cpp(318): warning C4244: '=' : conversion from 'double' to 'float', possible loss of data
     1>c:\users\chris\documents\cs3113\cs3113-projects-cmuldoon\hw2 - pong\windows\nyucodebase\nyucodebase\main.cpp(322): warning C4244: '=' : conversion from 'double' to 'float', possible loss of data
     1>c:\users\chris\documents\cs3113\cs3113-projects-cmuldoon\hw2 - pong\windows\nyucodebase\nyucodebase\main.cpp(325): warning C4244: '=' : conversion from 'double' to 'float', possible loss of data
       Link:
         C:\Program Files (x86)\Microsoft Visual Studio 12.0\VC\bin\link.exe /ERRORREPORT:PROMPT /OUT:"C:\Users\Chris\Documents\CS3113\CS3113-Projects-cmuldoon\hw2 - pong\Windows\NYUCodebase\Debug\NYUCodebase.exe" /INCREMENTAL /NOLOGO /LIBPATH:C:\SDL2\lib\x86 /LIBPATH:C:\SDL2_image\lib\x86 SDL2.lib SDL2main.lib SDL2_image.lib OpenGL32.lib /MANIFEST /MANIFESTUAC:"level='asInvoker' uiAccess='false'" /manifest:embed /DEBUG /PDB:"C:\Users\Chris\Documents\CS3113\CS3113-Projects-cmuldoon\hw2 - pong\Windows\NYUCodebase\Debug\NYUCodebase.pdb" /SUBSYSTEM:WINDOWS /TLBID:1 /DYNAMICBASE /NXCOMPAT /IMPLIB:"C:\Users\Chris\Documents\CS3113\CS3113-Projects-cmuldoon\hw2 - pong\Windows\NYUCodebase\Debug\NYUCodebase.lib" /MACHINE:X86 Debug\main.obj
         NYUCodebase.vcxproj -> C:\Users\Chris\Documents\CS3113\CS3113-Projects-cmuldoon\hw2 - pong\Windows\NYUCodebase\Debug\NYUCodebase.exe
     1>Done Building Project "C:\Users\Chris\Documents\CS3113\CS3113-Projects-cmuldoon\hw2 - pong\Windows\NYUCodebase\NYUCodebase\NYUCodebase.vcxproj" (Build target(s)).

Build succeeded.

Time Elapsed 00:00:01.04
